Using pre-set license
Built from '2020.3/staging' branch; Version is '2020.3.8f1 (507919d4fff5) revision 5273881'; Using compiler version '192528614'; Build Type 'Release'
OS: 'Windows 10 Home; OS build 19045.3693; Version 2009; 64bit' Language: 'en' Physical Memory: 24435 MB
BatchMode: 1, IsHumanControllingUs: 0, StartBugReporterOnCrash: 0, Is64bit: 1, IsPro: 0

 COMMAND LINE ARGUMENTS:
C:\Program Files\Unity\Hub\Editor\2020.3.8f1\Editor\Unity.exe
-adb2
-batchMode
-noUpm
-name
AssetImportWorker1
-projectPath
C:/Users/ahsan/Jumping adventure
-logFile
Logs/AssetImportWorker1.log
-srvPort
59756
Successfully changed project path to: C:/Users/ahsan/Jumping adventure
C:/Users/ahsan/Jumping adventure
Using Asset Import Pipeline V2.
Refreshing native plugins compatible for Editor in 194.10 ms, found 1 plugins.
Preloading 0 native plugins for Editor in 0.00 ms.
Initialize engine version: 2020.3.8f1 (507919d4fff5)
[Subsystems] Discovering subsystems at path C:/Program Files/Unity/Hub/Editor/2020.3.8f1/Editor/Data/Resources/UnitySubsystems
[Subsystems] Discovering subsystems at path C:/Users/ahsan/Jumping adventure/Assets
GfxDevice: creating device client; threaded=0
Direct3D:
    Version:  Direct3D 11.0 [level 11.1]
    Renderer: NVIDIA GeForce GTX 1050 (ID=0x1c8d)
    Vendor:   
    VRAM:     4019 MB
    Driver:   31.0.15.4601
Initialize mono
Mono path[0] = 'C:/Program Files/Unity/Hub/Editor/2020.3.8f1/Editor/Data/Managed'
Mono path[1] = 'C:/Program Files/Unity/Hub/Editor/2020.3.8f1/Editor/Data/MonoBleedingEdge/lib/mono/unityjit'
Mono config path = 'C:/Program Files/Unity/Hub/Editor/2020.3.8f1/Editor/Data/MonoBleedingEdge/etc'
Using monoOptions --debugger-agent=transport=dt_socket,embedding=1,server=y,suspend=n,address=127.0.0.1:56324
Begin MonoManager ReloadAssembly
Registering precompiled unity dll's ...
Register platform support module: C:/Program Files/Unity/Hub/Editor/2020.3.8f1/Editor/Data/PlaybackEngines/WindowsStandaloneSupport/UnityEditor.WindowsStandalone.Extensions.dll
Registered in 0.005222 seconds.
Native extension for WindowsStandalone target not found
Refreshing native plugins compatible for Editor in 101.76 ms, found 1 plugins.
Preloading 0 native plugins for Editor in 0.00 ms.
Mono: successfully reloaded assembly
- Completed reload, in  3.041 seconds
Platform modules already initialized, skipping
Registering precompiled user dll's ...
Registered in 0.002452 seconds.
Begin MonoManager ReloadAssembly
Native extension for WindowsStandalone target not found
Refreshing native plugins compatible for Editor in 62.96 ms, found 1 plugins.
Preloading 0 native plugins for Editor in 0.00 ms.
Mono: successfully reloaded assembly
- Completed reload, in  1.882 seconds
Platform modules already initialized, skipping
========================================================================
Worker process is ready to serve import requests
Launched and connected shader compiler UnityShaderCompiler.exe after 0.20 seconds
Refreshing native plugins compatible for Editor in 1.19 ms, found 1 plugins.
Preloading 0 native plugins for Editor in 0.00 ms.
Unloading 1818 Unused Serialized files (Serialized files now loaded: 0)
System memory in use before: 85.1 MB.
System memory in use after: 85.1 MB.

Unloading 24 unused Assets to reduce memory usage. Loaded Objects now: 2261.
Total: 6.924800 ms (FindLiveObjects: 0.469400 ms CreateObjectMapping: 0.214100 ms MarkObjects: 5.835700 ms  DeleteObjects: 0.402400 ms)

========================================================================
Received Import Request.
  path: Assets/Scripts/ItemCollector.cs
  artifactKey: Guid(92aca86e296296f4499efbd3548fe146) Importer(815301076,1909f56bfc062723c751e8b465ee728b)
Start importing Assets/Scripts/ItemCollector.cs using Guid(92aca86e296296f4499efbd3548fe146) Importer(815301076,1909f56bfc062723c751e8b465ee728b)  -> (artifact id: '18962551c89aa3268467cedbce209126') in 0.459612 seconds
  Import took 0.470436 seconds .

========================================================================
Received Import Request.
  Time since last request: 627.989554 seconds.
  path: Assets/CasualGameBGM05/BGM_01.wav
  artifactKey: Guid(475f4837af487ce4a9e68bb227455e4c) Importer(815301076,1909f56bfc062723c751e8b465ee728b)
Start importing Assets/CasualGameBGM05/BGM_01.wav using Guid(475f4837af487ce4a9e68bb227455e4c) Importer(815301076,1909f56bfc062723c751e8b465ee728b)  -> (artifact id: '8264530c91f9aaefa60e789a763f0c60') in 0.407120 seconds
  Import took 0.413414 seconds .

========================================================================
Received Import Request.
  Time since last request: 0.000551 seconds.
  path: Assets/CasualGameBGM05/BGM_02.wav
  artifactKey: Guid(90eae78e8ce85a849b5b0ca11b2de641) Importer(815301076,1909f56bfc062723c751e8b465ee728b)
Start importing Assets/CasualGameBGM05/BGM_02.wav using Guid(90eae78e8ce85a849b5b0ca11b2de641) Importer(815301076,1909f56bfc062723c751e8b465ee728b)  -> (artifact id: 'e7a6463a9e5b7a7c1bc8998436d808e8') in 0.033331 seconds
  Import took 0.040247 seconds .

========================================================================
Received Import Request.
  Time since last request: 0.000837 seconds.
  path: Assets/CasualGameBGM05/BGM_03.wav
  artifactKey: Guid(47f45ef7b5767674393cc401fc325705) Importer(815301076,1909f56bfc062723c751e8b465ee728b)
Start importing Assets/CasualGameBGM05/BGM_03.wav using Guid(47f45ef7b5767674393cc401fc325705) Importer(815301076,1909f56bfc062723c751e8b465ee728b)  -> (artifact id: '33f79def09429b50022b017262e7e6ab') in 0.048626 seconds
  Import took 0.053746 seconds .

========================================================================
Received Import Request.
  Time since last request: 0.000492 seconds.
  path: Assets/CasualGameBGM05/BGM_04.wav
  artifactKey: Guid(1532c7e67c2d60c4c8780da14b7e8fcf) Importer(815301076,1909f56bfc062723c751e8b465ee728b)
Start importing Assets/CasualGameBGM05/BGM_04.wav using Guid(1532c7e67c2d60c4c8780da14b7e8fcf) Importer(815301076,1909f56bfc062723c751e8b465ee728b)  -> (artifact id: '1c8ae03138c5e0017d255df9af73bc00') in 0.048160 seconds
  Import took 0.053540 seconds .

========================================================================
Received Import Request.
  Time since last request: 176.121854 seconds.
  path: Assets/Scripts/EndMenu.cs
  artifactKey: Guid(5f89989fac9ffcd459e3663b556715ee) Importer(815301076,1909f56bfc062723c751e8b465ee728b)
Start importing Assets/Scripts/EndMenu.cs using Guid(5f89989fac9ffcd459e3663b556715ee) Importer(815301076,1909f56bfc062723c751e8b465ee728b)  -> (artifact id: '899f5b8b85a8f70349cc25a4baf04f3d') in 0.029626 seconds
  Import took 0.041426 seconds .

========================================================================
Received Import Request.
  Time since last request: 0.022873 seconds.
  path: Assets/Scripts/EndMenu.cs
  artifactKey: Guid(5f89989fac9ffcd459e3663b556715ee) Importer(815301076,1909f56bfc062723c751e8b465ee728b)
Start importing Assets/Scripts/EndMenu.cs using Guid(5f89989fac9ffcd459e3663b556715ee) Importer(815301076,1909f56bfc062723c751e8b465ee728b)  -> (artifact id: '899f5b8b85a8f70349cc25a4baf04f3d') in 0.008365 seconds
  Import took 0.022862 seconds .

========================================================================
Received Prepare
Registering precompiled user dll's ...
Registered in 0.006088 seconds.
Begin MonoManager ReloadAssembly
Native extension for WindowsStandalone target not found
Refreshing native plugins compatible for Editor in 1.00 ms, found 1 plugins.
Preloading 0 native plugins for Editor in 0.00 ms.
Mono: successfully reloaded assembly
- Completed reload, in  3.563 seconds
Platform modules already initialized, skipping
Refreshing native plugins compatible for Editor in 0.98 ms, found 1 plugins.
Preloading 0 native plugins for Editor in 0.00 ms.
Unloading 1813 Unused Serialized files (Serialized files now loaded: 0)
System memory in use before: 88.2 MB.
System memory in use after: 88.2 MB.

Unloading 12 unused Assets to reduce memory usage. Loaded Objects now: 2274.
Total: 6.570100 ms (FindLiveObjects: 0.502700 ms CreateObjectMapping: 0.211400 ms MarkObjects: 5.389800 ms  DeleteObjects: 0.463300 ms)

AssetImportWorkerClient::OnTransportError - code=2 error=End of file
